2017-07-20 11:08:31.886471: W tensorflow/core/platform/cpu_feature_guard.cc:45] The TensorFlow library wasn't compiled to use SSE4.1 instructions, but these are available on your machine and could speed up CPU computations.
2017-07-20 11:08:31.889225: W tensorflow/core/platform/cpu_feature_guard.cc:45] The TensorFlow library wasn't compiled to use SSE4.2 instructions, but these are available on your machine and could speed up CPU computations.
2017-07-20 11:08:31.889665: W tensorflow/core/platform/cpu_feature_guard.cc:45] The TensorFlow library wasn't compiled to use AVX instructions, but these are available on your machine and could speed up CPU computations.
2017-07-20 11:08:33.758262: I tensorflow/core/common_runtime/gpu/gpu_device.cc:940] Found device 0 with properties: 
name: Tesla K20Xm
major: 3 minor: 5 memoryClockRate (GHz) 0.732
pciBusID 0000:8b:00.0
Total memory: 5.57GiB
Free memory: 5.50GiB
2017-07-20 11:08:33.758347: I tensorflow/core/common_runtime/gpu/gpu_device.cc:961] DMA: 0 
2017-07-20 11:08:33.758377: I tensorflow/core/common_runtime/gpu/gpu_device.cc:971] 0:   Y 
2017-07-20 11:08:33.758413: I tensorflow/core/common_runtime/gpu/gpu_device.cc:1030] Creating TensorFlow device (/gpu:0) -> (device: 0, name: Tesla K20Xm, pci bus id: 0000:8b:00.0)
2017-07-20 11:08:39.663101: I tensorflow/core/common_runtime/gpu/pool_allocator.cc:247] PoolAllocator: After 99683 get requests, put_count=47413 evicted_count=1000 eviction_rate=0.0210913 and unsatisfied allocation rate=0.535397
2017-07-20 11:08:39.663210: I tensorflow/core/common_runtime/gpu/pool_allocator.cc:259] Raising pool_size_limit_ from 100 to 110
2017-07-20 11:08:40.155035: I tensorflow/core/common_runtime/gpu/pool_allocator.cc:247] PoolAllocator: After 14754 get requests, put_count=24764 evicted_count=10000 eviction_rate=0.403812 and unsatisfied allocation rate=0
2017-07-20 11:08:40.645281: I tensorflow/core/common_runtime/gpu/pool_allocator.cc:247] PoolAllocator: After 29485 get requests, put_count=49495 evicted_count=20000 eviction_rate=0.404081 and unsatisfied allocation rate=0
2017-07-20 11:08:41.136290: I tensorflow/core/common_runtime/gpu/pool_allocator.cc:247] PoolAllocator: After 44218 get requests, put_count=74228 evicted_count=30000 eviction_rate=0.40416 and unsatisfied allocation rate=0
2017-07-20 11:08:41.629617: I tensorflow/core/common_runtime/gpu/pool_allocator.cc:247] PoolAllocator: After 58966 get requests, put_count=98976 evicted_count=40000 eviction_rate=0.404138 and unsatisfied allocation rate=0
2017-07-20 11:08:42.127353: I tensorflow/core/common_runtime/gpu/pool_allocator.cc:247] PoolAllocator: After 73696 get requests, put_count=123706 evicted_count=50000 eviction_rate=0.404184 and unsatisfied allocation rate=0
2017-07-20 11:08:44.391879: I tensorflow/core/common_runtime/gpu/pool_allocator.cc:247] PoolAllocator: After 10332 get requests, put_count=17343 evicted_count=7000 eviction_rate=0.403621 and unsatisfied allocation rate=0
2017-07-20 11:08:44.887829: I tensorflow/core/common_runtime/gpu/pool_allocator.cc:247] PoolAllocator: After 25061 get requests, put_count=42072 evicted_count=17000 eviction_rate=0.404069 and unsatisfied allocation rate=0
2017-07-20 11:08:45.385758: I tensorflow/core/common_runtime/gpu/pool_allocator.cc:247] PoolAllocator: After 39791 get requests, put_count=66802 evicted_count=27000 eviction_rate=0.40418 and unsatisfied allocation rate=0
2017-07-20 11:08:45.890855: I tensorflow/core/common_runtime/gpu/pool_allocator.cc:247] PoolAllocator: After 54543 get requests, put_count=91554 evicted_count=37000 eviction_rate=0.404133 and unsatisfied allocation rate=0
2017-07-20 11:08:46.388086: I tensorflow/core/common_runtime/gpu/pool_allocator.cc:247] PoolAllocator: After 69272 get requests, put_count=116283 evicted_count=47000 eviction_rate=0.404186 and unsatisfied allocation rate=0
2017-07-20 11:08:48.593587: I tensorflow/core/common_runtime/gpu/pool_allocator.cc:247] PoolAllocator: After 5910 get requests, put_count=9922 evicted_count=4000 eviction_rate=0.403145 and unsatisfied allocation rate=0
2017-07-20 11:08:49.117127: I tensorflow/core/common_runtime/gpu/pool_allocator.cc:247] PoolAllocator: After 20641 get requests, put_count=34653 evicted_count=14000 eviction_rate=0.404005 and unsatisfied allocation rate=0
2017-07-20 11:08:49.630056: I tensorflow/core/common_runtime/gpu/pool_allocator.cc:247] PoolAllocator: After 35392 get requests, put_count=59404 evicted_count=24000 eviction_rate=0.404013 and unsatisfied allocation rate=0
2017-07-20 11:08:50.130204: I tensorflow/core/common_runtime/gpu/pool_allocator.cc:247] PoolAllocator: After 50121 get requests, put_count=84133 evicted_count=34000 eviction_rate=0.404122 and unsatisfied allocation rate=0
2017-07-20 11:08:50.630531: I tensorflow/core/common_runtime/gpu/pool_allocator.cc:247] PoolAllocator: After 64851 get requests, put_count=108863 evicted_count=44000 eviction_rate=0.404178 and unsatisfied allocation rate=0
2017-07-20 11:08:52.810672: I tensorflow/core/common_runtime/gpu/pool_allocator.cc:247] PoolAllocator: After 1486 get requests, put_count=2499 evicted_count=1000 eviction_rate=0.40016 and unsatisfied allocation rate=0
2017-07-20 11:08:53.310618: I tensorflow/core/common_runtime/gpu/pool_allocator.cc:247] PoolAllocator: After 16217 get requests, put_count=27230 evicted_count=11000 eviction_rate=0.403966 and unsatisfied allocation rate=0
2017-07-20 11:08:53.805486: I tensorflow/core/common_runtime/gpu/pool_allocator.cc:247] PoolAllocator: After 30968 get requests, put_count=51981 evicted_count=21000 eviction_rate=0.403994 and unsatisfied allocation rate=0
2017-07-20 11:08:54.308859: I tensorflow/core/common_runtime/gpu/pool_allocator.cc:247] PoolAllocator: After 45698 get requests, put_count=76711 evicted_count=31000 eviction_rate=0.404114 and unsatisfied allocation rate=0
2017-07-20 11:08:54.802578: I tensorflow/core/common_runtime/gpu/pool_allocator.cc:247] PoolAllocator: After 60429 get requests, put_count=101442 evicted_count=41000 eviction_rate=0.404172 and unsatisfied allocation rate=0
2017-07-20 11:08:55.299305: I tensorflow/core/common_runtime/gpu/pool_allocator.cc:247] PoolAllocator: After 75180 get requests, put_count=126193 evicted_count=51000 eviction_rate=0.404143 and unsatisfied allocation rate=0
2017-07-20 11:08:57.496168: I tensorflow/core/common_runtime/gpu/pool_allocator.cc:247] PoolAllocator: After 11854 get requests, put_count=19868 evicted_count=8000 eviction_rate=0.402658 and unsatisfied allocation rate=0
2017-07-20 11:08:57.994898: I tensorflow/core/common_runtime/gpu/pool_allocator.cc:247] PoolAllocator: After 26585 get requests, put_count=44599 evicted_count=18000 eviction_rate=0.403596 and unsatisfied allocation rate=0
2017-07-20 11:08:58.491326: I tensorflow/core/common_runtime/gpu/pool_allocator.cc:247] PoolAllocator: After 41336 get requests, put_count=69350 evicted_count=28000 eviction_rate=0.403749 and unsatisfied allocation rate=0
2017-07-20 11:08:58.987793: I tensorflow/core/common_runtime/gpu/pool_allocator.cc:247] PoolAllocator: After 56066 get requests, put_count=94080 evicted_count=38000 eviction_rate=0.403912 and unsatisfied allocation rate=0
2017-07-20 11:08:59.486088: I tensorflow/core/common_runtime/gpu/pool_allocator.cc:247] PoolAllocator: After 70797 get requests, put_count=118811 evicted_count=48000 eviction_rate=0.404003 and unsatisfied allocation rate=0
2017-07-20 11:09:01.670895: I tensorflow/core/common_runtime/gpu/pool_allocator.cc:247] PoolAllocator: After 5911 get requests, put_count=9927 evicted_count=4000 eviction_rate=0.402941 and unsatisfied allocation rate=0
2017-07-20 11:09:02.171890: I tensorflow/core/common_runtime/gpu/pool_allocator.cc:247] PoolAllocator: After 20662 get requests, put_count=34678 evicted_count=14000 eviction_rate=0.403714 and unsatisfied allocation rate=0
2017-07-20 11:09:02.672494: I tensorflow/core/common_runtime/gpu/pool_allocator.cc:247] PoolAllocator: After 35392 get requests, put_count=59408 evicted_count=24000 eviction_rate=0.403986 and unsatisfied allocation rate=0
2017-07-20 11:09:03.172016: I tensorflow/core/common_runtime/gpu/pool_allocator.cc:247] PoolAllocator: After 50123 get requests, put_count=84139 evicted_count=34000 eviction_rate=0.404093 and unsatisfied allocation rate=0
2017-07-20 11:09:03.671548: I tensorflow/core/common_runtime/gpu/pool_allocator.cc:247] PoolAllocator: After 64874 get requests, put_count=108890 evicted_count=44000 eviction_rate=0.404078 and unsatisfied allocation rate=0
2017-07-20 11:09:05.877789: I tensorflow/core/common_runtime/gpu/pool_allocator.cc:247] PoolAllocator: After 1509 get requests, put_count=2526 evicted_count=1000 eviction_rate=0.395883 and unsatisfied allocation rate=0
2017-07-20 11:09:06.376321: I tensorflow/core/common_runtime/gpu/pool_allocator.cc:247] PoolAllocator: After 16239 get requests, put_count=27256 evicted_count=11000 eviction_rate=0.403581 and unsatisfied allocation rate=0
2017-07-20 11:09:06.876148: I tensorflow/core/common_runtime/gpu/pool_allocator.cc:247] PoolAllocator: After 30970 get requests, put_count=51987 evicted_count=21000 eviction_rate=0.403947 and unsatisfied allocation rate=0
2017-07-20 11:09:07.378082: I tensorflow/core/common_runtime/gpu/pool_allocator.cc:247] PoolAllocator: After 45721 get requests, put_count=76738 evicted_count=31000 eviction_rate=0.403972 and unsatisfied allocation rate=0
2017-07-20 11:09:07.882956: I tensorflow/core/common_runtime/gpu/pool_allocator.cc:247] PoolAllocator: After 60451 get requests, put_count=101468 evicted_count=41000 eviction_rate=0.404068 and unsatisfied allocation rate=0
2017-07-20 11:09:08.386558: I tensorflow/core/common_runtime/gpu/pool_allocator.cc:247] PoolAllocator: After 75182 get requests, put_count=126199 evicted_count=51000 eviction_rate=0.404124 and unsatisfied allocation rate=0
2017-07-20 11:09:10.581550: I tensorflow/core/common_runtime/gpu/pool_allocator.cc:247] PoolAllocator: After 11816 get requests, put_count=19835 evicted_count=8000 eviction_rate=0.403327 and unsatisfied allocation rate=0
2017-07-20 11:09:11.084825: I tensorflow/core/common_runtime/gpu/pool_allocator.cc:247] PoolAllocator: After 26567 get requests, put_count=44586 evicted_count=18000 eviction_rate=0.403714 and unsatisfied allocation rate=0
2017-07-20 11:09:11.589056: I tensorflow/core/common_runtime/gpu/pool_allocator.cc:247] PoolAllocator: After 41297 get requests, put_count=69316 evicted_count=28000 eviction_rate=0.403947 and unsatisfied allocation rate=0
2017-07-20 11:09:12.097414: I tensorflow/core/common_runtime/gpu/pool_allocator.cc:247] PoolAllocator: After 56028 get requests, put_count=94047 evicted_count=38000 eviction_rate=0.404053 and unsatisfied allocation rate=0
2017-07-20 11:09:12.608647: I tensorflow/core/common_runtime/gpu/pool_allocator.cc:247] PoolAllocator: After 70779 get requests, put_count=118798 evicted_count=48000 eviction_rate=0.404047 and unsatisfied allocation rate=0
2017-07-20 11:09:14.796047: I tensorflow/core/common_runtime/gpu/pool_allocator.cc:247] PoolAllocator: After 7394 get requests, put_count=12415 evicted_count=5000 eviction_rate=0.402739 and unsatisfied allocation rate=0
2017-07-20 11:09:15.301105: I tensorflow/core/common_runtime/gpu/pool_allocator.cc:247] PoolAllocator: After 22125 get requests, put_count=37146 evicted_count=15000 eviction_rate=0.403812 and unsatisfied allocation rate=0
2017-07-20 11:09:15.808578: I tensorflow/core/common_runtime/gpu/pool_allocator.cc:247] PoolAllocator: After 36876 get requests, put_count=61897 evicted_count=25000 eviction_rate=0.403897 and unsatisfied allocation rate=0
2017-07-20 11:09:16.314940: I tensorflow/core/common_runtime/gpu/pool_allocator.cc:247] PoolAllocator: After 51606 get requests, put_count=86627 evicted_count=35000 eviction_rate=0.404031 and unsatisfied allocation rate=0
2017-07-20 11:09:16.817448: I tensorflow/core/common_runtime/gpu/pool_allocator.cc:247] PoolAllocator: After 66337 get requests, put_count=111358 evicted_count=45000 eviction_rate=0.404102 and unsatisfied allocation rate=0
2017-07-20 11:09:19.004505: I tensorflow/core/common_runtime/gpu/pool_allocator.cc:247] PoolAllocator: After 2971 get requests, put_count=4994 evicted_count=2000 eviction_rate=0.400481 and unsatisfied allocation rate=0
2017-07-20 11:09:19.522354: I tensorflow/core/common_runtime/gpu/pool_allocator.cc:247] PoolAllocator: After 17702 get requests, put_count=29725 evicted_count=12000 eviction_rate=0.403701 and unsatisfied allocation rate=0
2017-07-20 11:09:20.026867: I tensorflow/core/common_runtime/gpu/pool_allocator.cc:247] PoolAllocator: After 32453 get requests, put_count=54476 evicted_count=22000 eviction_rate=0.403848 and unsatisfied allocation rate=0
2017-07-20 11:09:20.531104: I tensorflow/core/common_runtime/gpu/pool_allocator.cc:247] PoolAllocator: After 47183 get requests, put_count=79206 evicted_count=32000 eviction_rate=0.40401 and unsatisfied allocation rate=0
2017-07-20 11:09:21.036831: I tensorflow/core/common_runtime/gpu/pool_allocator.cc:247] PoolAllocator: After 61914 get requests, put_count=103937 evicted_count=42000 eviction_rate=0.404091 and unsatisfied allocation rate=0
2017-07-20 11:09:21.541785: I tensorflow/core/common_runtime/gpu/pool_allocator.cc:247] PoolAllocator: After 76665 get requests, put_count=128688 evicted_count=52000 eviction_rate=0.404078 and unsatisfied allocation rate=0
2017-07-20 11:09:23.732783: I tensorflow/core/common_runtime/gpu/pool_allocator.cc:247] PoolAllocator: After 11820 get requests, put_count=19845 evicted_count=8000 eviction_rate=0.403124 and unsatisfied allocation rate=0
2017-07-20 11:09:24.237079: I tensorflow/core/common_runtime/gpu/pool_allocator.cc:247] PoolAllocator: After 26571 get requests, put_count=44596 evicted_count=18000 eviction_rate=0.403624 and unsatisfied allocation rate=0
2017-07-20 11:09:24.741287: I tensorflow/core/common_runtime/gpu/pool_allocator.cc:247] PoolAllocator: After 41300 get requests, put_count=69325 evicted_count=28000 eviction_rate=0.403895 and unsatisfied allocation rate=0
2017-07-20 11:09:25.245084: I tensorflow/core/common_runtime/gpu/pool_allocator.cc:247] PoolAllocator: After 56030 get requests, put_count=94055 evicted_count=38000 eviction_rate=0.404019 and unsatisfied allocation rate=0
2017-07-20 11:09:25.750191: I tensorflow/core/common_runtime/gpu/pool_allocator.cc:247] PoolAllocator: After 70782 get requests, put_count=118807 evicted_count=48000 eviction_rate=0.404017 and unsatisfied allocation rate=0
2017-07-20 11:09:27.948997: I tensorflow/core/common_runtime/gpu/pool_allocator.cc:247] PoolAllocator: After 7417 get requests, put_count=12445 evicted_count=5000 eviction_rate=0.401768 and unsatisfied allocation rate=0
2017-07-20 11:09:28.445265: I tensorflow/core/common_runtime/gpu/pool_allocator.cc:247] PoolAllocator: After 22148 get requests, put_count=37176 evicted_count=15000 eviction_rate=0.403486 and unsatisfied allocation rate=0
2017-07-20 11:09:28.944712: I tensorflow/core/common_runtime/gpu/pool_allocator.cc:247] PoolAllocator: After 36899 get requests, put_count=61927 evicted_count=25000 eviction_rate=0.403701 and unsatisfied allocation rate=0
2017-07-20 11:09:29.442806: I tensorflow/core/common_runtime/gpu/pool_allocator.cc:247] PoolAllocator: After 51629 get requests, put_count=86657 evicted_count=35000 eviction_rate=0.403891 and unsatisfied allocation rate=0
2017-07-20 11:09:29.941979: I tensorflow/core/common_runtime/gpu/pool_allocator.cc:247] PoolAllocator: After 66360 get requests, put_count=111388 evicted_count=45000 eviction_rate=0.403993 and unsatisfied allocation rate=0
2017-07-20 11:09:32.151743: I tensorflow/core/common_runtime/gpu/pool_allocator.cc:247] PoolAllocator: After 2993 get requests, put_count=5023 evicted_count=2000 eviction_rate=0.398168 and unsatisfied allocation rate=0
2017-07-20 11:09:32.654096: I tensorflow/core/common_runtime/gpu/pool_allocator.cc:247] PoolAllocator: After 17744 get requests, put_count=29774 evicted_count=12000 eviction_rate=0.403036 and unsatisfied allocation rate=0
2017-07-20 11:09:33.157232: I tensorflow/core/common_runtime/gpu/pool_allocator.cc:247] PoolAllocator: After 32474 get requests, put_count=54504 evicted_count=22000 eviction_rate=0.40364 and unsatisfied allocation rate=0
2017-07-20 11:09:33.660799: I tensorflow/core/common_runtime/gpu/pool_allocator.cc:247] PoolAllocator: After 47205 get requests, put_count=79235 evicted_count=32000 eviction_rate=0.403862 and unsatisfied allocation rate=0
2017-07-20 11:09:34.164756: I tensorflow/core/common_runtime/gpu/pool_allocator.cc:247] PoolAllocator: After 61956 get requests, put_count=103986 evicted_count=42000 eviction_rate=0.403901 and unsatisfied allocation rate=0
2017-07-20 11:09:34.647134: I tensorflow/core/common_runtime/gpu/pool_allocator.cc:247] PoolAllocator: After 75744 get requests, put_count=127774 evicted_count=52000 eviction_rate=0.406969 and unsatisfied allocation rate=0
2017-07-20 11:09:36.852356: I tensorflow/core/common_runtime/gpu/pool_allocator.cc:247] PoolAllocator: After 13306 get requests, put_count=22339 evicted_count=9000 eviction_rate=0.402883 and unsatisfied allocation rate=0
2017-07-20 11:09:37.358070: I tensorflow/core/common_runtime/gpu/pool_allocator.cc:247] PoolAllocator: After 28054 get requests, put_count=47087 evicted_count=19000 eviction_rate=0.403508 and unsatisfied allocation rate=0
2017-07-20 11:09:37.862955: I tensorflow/core/common_runtime/gpu/pool_allocator.cc:247] PoolAllocator: After 42784 get requests, put_count=71817 evicted_count=29000 eviction_rate=0.403804 and unsatisfied allocation rate=0
2017-07-20 11:09:38.367735: I tensorflow/core/common_runtime/gpu/pool_allocator.cc:247] PoolAllocator: After 57515 get requests, put_count=96548 evicted_count=39000 eviction_rate=0.403944 and unsatisfied allocation rate=0
2017-07-20 11:09:38.873765: I tensorflow/core/common_runtime/gpu/pool_allocator.cc:247] PoolAllocator: After 72266 get requests, put_count=121299 evicted_count=49000 eviction_rate=0.40396 and unsatisfied allocation rate=0
2017-07-20 11:09:41.071381: I tensorflow/core/common_runtime/gpu/pool_allocator.cc:247] PoolAllocator: After 8882 get requests, put_count=14919 evicted_count=6000 eviction_rate=0.402172 and unsatisfied allocation rate=0
2017-07-20 11:09:41.571175: I tensorflow/core/common_runtime/gpu/pool_allocator.cc:247] PoolAllocator: After 23633 get requests, put_count=39670 evicted_count=16000 eviction_rate=0.403327 and unsatisfied allocation rate=0
2017-07-20 11:09:42.076501: I tensorflow/core/common_runtime/gpu/pool_allocator.cc:247] PoolAllocator: After 38362 get requests, put_count=64399 evicted_count=26000 eviction_rate=0.403733 and unsatisfied allocation rate=0
2017-07-20 11:09:42.583364: I tensorflow/core/common_runtime/gpu/pool_allocator.cc:247] PoolAllocator: After 53092 get requests, put_count=89129 evicted_count=36000 eviction_rate=0.403909 and unsatisfied allocation rate=0
2017-07-20 11:09:43.090935: I tensorflow/core/common_runtime/gpu/pool_allocator.cc:247] PoolAllocator: After 67844 get requests, put_count=113881 evicted_count=46000 eviction_rate=0.40393 and unsatisfied allocation rate=0
2017-07-20 11:09:45.311696: I tensorflow/core/common_runtime/gpu/pool_allocator.cc:247] PoolAllocator: After 4480 get requests, put_count=7520 evicted_count=3000 eviction_rate=0.398936 and unsatisfied allocation rate=0
2017-07-20 11:09:45.819034: I tensorflow/core/common_runtime/gpu/pool_allocator.cc:247] PoolAllocator: After 19211 get requests, put_count=32251 evicted_count=13000 eviction_rate=0.403088 and unsatisfied allocation rate=0
2017-07-20 11:09:46.327641: I tensorflow/core/common_runtime/gpu/pool_allocator.cc:247] PoolAllocator: After 33962 get requests, put_count=57002 evicted_count=23000 eviction_rate=0.403495 and unsatisfied allocation rate=0
2017-07-20 11:09:46.837643: I tensorflow/core/common_runtime/gpu/pool_allocator.cc:247] PoolAllocator: After 48691 get requests, put_count=81731 evicted_count=33000 eviction_rate=0.403764 and unsatisfied allocation rate=0
2017-07-20 11:09:47.348170: I tensorflow/core/common_runtime/gpu/pool_allocator.cc:247] PoolAllocator: After 63421 get requests, put_count=106461 evicted_count=43000 eviction_rate=0.403904 and unsatisfied allocation rate=0
2017-07-20 11:09:49.551061: I tensorflow/core/common_runtime/gpu/pool_allocator.cc:247] PoolAllocator: After 153386 get requests, put_count=153498 evicted_count=53000 eviction_rate=0.345281 and unsatisfied allocation rate=0.345064
2017-07-20 11:09:49.551801: I tensorflow/core/common_runtime/gpu/pool_allocator.cc:259] Raising pool_size_limit_ from 449 to 493
2017-07-20 11:09:50.061784: I tensorflow/core/common_runtime/gpu/pool_allocator.cc:247] PoolAllocator: After 14792 get requests, put_count=24836 evicted_count=10000 eviction_rate=0.402641 and unsatisfied allocation rate=0
2017-07-20 11:09:50.569373: I tensorflow/core/common_runtime/gpu/pool_allocator.cc:247] PoolAllocator: After 29540 get requests, put_count=49584 evicted_count=20000 eviction_rate=0.403356 and unsatisfied allocation rate=0
2017-07-20 11:09:51.077664: I tensorflow/core/common_runtime/gpu/pool_allocator.cc:247] PoolAllocator: After 44270 get requests, put_count=74314 evicted_count=30000 eviction_rate=0.403692 and unsatisfied allocation rate=0
2017-07-20 11:09:51.583773: I tensorflow/core/common_runtime/gpu/pool_allocator.cc:247] PoolAllocator: After 59001 get requests, put_count=99045 evicted_count=40000 eviction_rate=0.403857 and unsatisfied allocation rate=0
2017-07-20 11:09:52.090883: I tensorflow/core/common_runtime/gpu/pool_allocator.cc:247] PoolAllocator: After 73752 get requests, put_count=123796 evicted_count=50000 eviction_rate=0.40389 and unsatisfied allocation rate=0
2017-07-20 11:09:54.308353: I tensorflow/core/common_runtime/gpu/pool_allocator.cc:247] PoolAllocator: After 10388 get requests, put_count=17437 evicted_count=7000 eviction_rate=0.401445 and unsatisfied allocation rate=0
2017-07-20 11:09:54.816631: I tensorflow/core/common_runtime/gpu/pool_allocator.cc:247] PoolAllocator: After 25139 get requests, put_count=42188 evicted_count=17000 eviction_rate=0.402958 and unsatisfied allocation rate=0
2017-07-20 11:09:55.323643: I tensorflow/core/common_runtime/gpu/pool_allocator.cc:247] PoolAllocator: After 39869 get requests, put_count=66918 evicted_count=27000 eviction_rate=0.403479 and unsatisfied allocation rate=0
2017-07-20 11:09:55.831340: I tensorflow/core/common_runtime/gpu/pool_allocator.cc:247] PoolAllocator: After 54600 get requests, put_count=91649 evicted_count=37000 eviction_rate=0.403714 and unsatisfied allocation rate=0
2017-07-20 11:09:56.339933: I tensorflow/core/common_runtime/gpu/pool_allocator.cc:247] PoolAllocator: After 69351 get requests, put_count=116400 evicted_count=47000 eviction_rate=0.40378 and unsatisfied allocation rate=0
2017-07-20 11:09:58.533236: I tensorflow/core/common_runtime/gpu/pool_allocator.cc:247] PoolAllocator: After 7448 get requests, put_count=12502 evicted_count=5000 eviction_rate=0.399936 and unsatisfied allocation rate=0
2017-07-20 11:09:59.042741: I tensorflow/core/common_runtime/gpu/pool_allocator.cc:247] PoolAllocator: After 22200 get requests, put_count=37254 evicted_count=15000 eviction_rate=0.402641 and unsatisfied allocation rate=0
2017-07-20 11:09:59.555447: I tensorflow/core/common_runtime/gpu/pool_allocator.cc:247] PoolAllocator: After 36929 get requests, put_count=61983 evicted_count=25000 eviction_rate=0.403336 and unsatisfied allocation rate=0
2017-07-20 11:10:00.066917: I tensorflow/core/common_runtime/gpu/pool_allocator.cc:247] PoolAllocator: After 51660 get requests, put_count=86714 evicted_count=35000 eviction_rate=0.403626 and unsatisfied allocation rate=0
2017-07-20 11:10:00.578060: I tensorflow/core/common_runtime/gpu/pool_allocator.cc:247] PoolAllocator: After 66393 get requests, put_count=111447 evicted_count=45000 eviction_rate=0.403779 and unsatisfied allocation rate=0
2017-07-20 11:10:02.779806: I tensorflow/core/common_runtime/gpu/pool_allocator.cc:247] PoolAllocator: After 3026 get requests, put_count=5085 evicted_count=2000 eviction_rate=0.393314 and unsatisfied allocation rate=0
2017-07-20 11:10:03.289474: I tensorflow/core/common_runtime/gpu/pool_allocator.cc:247] PoolAllocator: After 17757 get requests, put_count=29816 evicted_count=12000 eviction_rate=0.402468 and unsatisfied allocation rate=0
2017-07-20 11:10:03.800773: I tensorflow/core/common_runtime/gpu/pool_allocator.cc:247] PoolAllocator: After 32508 get requests, put_count=54567 evicted_count=22000 eviction_rate=0.403174 and unsatisfied allocation rate=0
2017-07-20 11:10:04.317993: I tensorflow/core/common_runtime/gpu/pool_allocator.cc:247] PoolAllocator: After 47238 get requests, put_count=79297 evicted_count=32000 eviction_rate=0.403546 and unsatisfied allocation rate=0
2017-07-20 11:10:04.831052: I tensorflow/core/common_runtime/gpu/pool_allocator.cc:247] PoolAllocator: After 61969 get requests, put_count=104028 evicted_count=42000 eviction_rate=0.403737 and unsatisfied allocation rate=0
2017-07-20 11:10:05.324232: I tensorflow/core/common_runtime/gpu/pool_allocator.cc:247] PoolAllocator: After 75913 get requests, put_count=127972 evicted_count=52000 eviction_rate=0.406339 and unsatisfied allocation rate=0
2017-07-20 11:10:07.573180: I tensorflow/core/common_runtime/gpu/pool_allocator.cc:247] PoolAllocator: After 13378 get requests, put_count=22443 evicted_count=9000 eviction_rate=0.401016 and unsatisfied allocation rate=0
2017-07-20 11:10:08.090814: I tensorflow/core/common_runtime/gpu/pool_allocator.cc:247] PoolAllocator: After 28107 get requests, put_count=47172 evicted_count=19000 eviction_rate=0.402781 and unsatisfied allocation rate=0
2017-07-20 11:10:08.596805: I tensorflow/core/common_runtime/gpu/pool_allocator.cc:247] PoolAllocator: After 42838 get requests, put_count=71903 evicted_count=29000 eviction_rate=0.403321 and unsatisfied allocation rate=0
2017-07-20 11:10:09.097502: I tensorflow/core/common_runtime/gpu/pool_allocator.cc:247] PoolAllocator: After 57571 get requests, put_count=96636 evicted_count=39000 eviction_rate=0.403576 and unsatisfied allocation rate=0
2017-07-20 11:10:09.610610: I tensorflow/core/common_runtime/gpu/pool_allocator.cc:247] PoolAllocator: After 72319 get requests, put_count=121384 evicted_count=49000 eviction_rate=0.403678 and unsatisfied allocation rate=0
2017-07-20 11:10:11.851636: I tensorflow/core/common_runtime/gpu/pool_allocator.cc:247] PoolAllocator: After 10419 get requests, put_count=17491 evicted_count=7000 eviction_rate=0.400206 and unsatisfied allocation rate=0
2017-07-20 11:10:12.359240: I tensorflow/core/common_runtime/gpu/pool_allocator.cc:247] PoolAllocator: After 25167 get requests, put_count=42239 evicted_count=17000 eviction_rate=0.402472 and unsatisfied allocation rate=0
2017-07-20 11:10:12.864111: I tensorflow/core/common_runtime/gpu/pool_allocator.cc:247] PoolAllocator: After 39897 get requests, put_count=66969 evicted_count=27000 eviction_rate=0.403172 and unsatisfied allocation rate=0
2017-07-20 11:10:13.370042: I tensorflow/core/common_runtime/gpu/pool_allocator.cc:247] PoolAllocator: After 54628 get requests, put_count=91700 evicted_count=37000 eviction_rate=0.40349 and unsatisfied allocation rate=0
2017-07-20 11:10:13.877753: I tensorflow/core/common_runtime/gpu/pool_allocator.cc:247] PoolAllocator: After 69379 get requests, put_count=116451 evicted_count=47000 eviction_rate=0.403603 and unsatisfied allocation rate=0
2017-07-20 11:10:16.081217: I tensorflow/core/common_runtime/gpu/pool_allocator.cc:247] PoolAllocator: After 6017 get requests, put_count=10096 evicted_count=4000 eviction_rate=0.396197 and unsatisfied allocation rate=0
2017-07-20 11:10:16.588783: I tensorflow/core/common_runtime/gpu/pool_allocator.cc:247] PoolAllocator: After 20748 get requests, put_count=34827 evicted_count=14000 eviction_rate=0.401987 and unsatisfied allocation rate=0
2017-07-20 11:10:17.096051: I tensorflow/core/common_runtime/gpu/pool_allocator.cc:247] PoolAllocator: After 35499 get requests, put_count=59578 evicted_count=24000 eviction_rate=0.402833 and unsatisfied allocation rate=0
2017-07-20 11:10:17.604120: I tensorflow/core/common_runtime/gpu/pool_allocator.cc:247] PoolAllocator: After 50229 get requests, put_count=84308 evicted_count=34000 eviction_rate=0.403283 and unsatisfied allocation rate=0
2017-07-20 11:10:18.110148: I tensorflow/core/common_runtime/gpu/pool_allocator.cc:247] PoolAllocator: After 64960 get requests, put_count=109039 evicted_count=44000 eviction_rate=0.403525 and unsatisfied allocation rate=0
2017-07-20 11:10:20.347886: I tensorflow/core/common_runtime/gpu/pool_allocator.cc:247] PoolAllocator: After 1596 get requests, put_count=2683 evicted_count=1000 eviction_rate=0.372717 and unsatisfied allocation rate=0
2017-07-20 11:10:20.858945: I tensorflow/core/common_runtime/gpu/pool_allocator.cc:247] PoolAllocator: After 16326 get requests, put_count=27413 evicted_count=11000 eviction_rate=0.401269 and unsatisfied allocation rate=0
2017-07-20 11:10:21.372537: I tensorflow/core/common_runtime/gpu/pool_allocator.cc:247] PoolAllocator: After 31057 get requests, put_count=52144 evicted_count=21000 eviction_rate=0.402731 and unsatisfied allocation rate=0
2017-07-20 11:10:21.885240: I tensorflow/core/common_runtime/gpu/pool_allocator.cc:247] PoolAllocator: After 45808 get requests, put_count=76895 evicted_count=31000 eviction_rate=0.403147 and unsatisfied allocation rate=0
2017-07-20 11:10:22.398293: I tensorflow/core/common_runtime/gpu/pool_allocator.cc:247] PoolAllocator: After 60538 get requests, put_count=101625 evicted_count=41000 eviction_rate=0.403444 and unsatisfied allocation rate=0
2017-07-20 11:10:22.897722: I tensorflow/core/common_runtime/gpu/pool_allocator.cc:247] PoolAllocator: After 74664 get requests, put_count=125751 evicted_count=51000 eviction_rate=0.405563 and unsatisfied allocation rate=0
2017-07-20 11:10:25.141092: I tensorflow/core/common_runtime/gpu/pool_allocator.cc:247] PoolAllocator: After 13410 get requests, put_count=22505 evicted_count=9000 eviction_rate=0.399911 and unsatisfied allocation rate=0
2017-07-20 11:10:25.652736: I tensorflow/core/common_runtime/gpu/pool_allocator.cc:247] PoolAllocator: After 28140 get requests, put_count=47235 evicted_count=19000 eviction_rate=0.402244 and unsatisfied allocation rate=0
2017-07-20 11:10:26.166051: I tensorflow/core/common_runtime/gpu/pool_allocator.cc:247] PoolAllocator: After 42892 get requests, put_count=71987 evicted_count=29000 eviction_rate=0.402851 and unsatisfied allocation rate=0
2017-07-20 11:10:26.676905: I tensorflow/core/common_runtime/gpu/pool_allocator.cc:247] PoolAllocator: After 57621 get requests, put_count=96716 evicted_count=39000 eviction_rate=0.403242 and unsatisfied allocation rate=0
2017-07-20 11:10:27.189981: I tensorflow/core/common_runtime/gpu/pool_allocator.cc:247] PoolAllocator: After 72352 get requests, put_count=121447 evicted_count=49000 eviction_rate=0.403468 and unsatisfied allocation rate=0
2017-07-20 11:10:29.461386: I tensorflow/core/common_runtime/gpu/pool_allocator.cc:247] PoolAllocator: After 10472 get requests, put_count=17577 evicted_count=7000 eviction_rate=0.398248 and unsatisfied allocation rate=0
2017-07-20 11:10:29.967046: I tensorflow/core/common_runtime/gpu/pool_allocator.cc:247] PoolAllocator: After 25223 get requests, put_count=42328 evicted_count=17000 eviction_rate=0.401625 and unsatisfied allocation rate=0
2017-07-20 11:10:30.464399: I tensorflow/core/common_runtime/gpu/pool_allocator.cc:247] PoolAllocator: After 39953 get requests, put_count=67058 evicted_count=27000 eviction_rate=0.402637 and unsatisfied allocation rate=0
2017-07-20 11:10:30.963738: I tensorflow/core/common_runtime/gpu/pool_allocator.cc:247] PoolAllocator: After 54684 get requests, put_count=91789 evicted_count=37000 eviction_rate=0.403098 and unsatisfied allocation rate=0
2017-07-20 11:10:31.462596: I tensorflow/core/common_runtime/gpu/pool_allocator.cc:247] PoolAllocator: After 69435 get requests, put_count=116540 evicted_count=47000 eviction_rate=0.403295 and unsatisfied allocation rate=0
2017-07-20 11:10:33.712039: I tensorflow/core/common_runtime/gpu/pool_allocator.cc:247] PoolAllocator: After 6074 get requests, put_count=10189 evicted_count=4000 eviction_rate=0.39258 and unsatisfied allocation rate=0
2017-07-20 11:10:34.214110: I tensorflow/core/common_runtime/gpu/pool_allocator.cc:247] PoolAllocator: After 20804 get requests, put_count=34919 evicted_count=14000 eviction_rate=0.400928 and unsatisfied allocation rate=0
2017-07-20 11:10:34.723897: I tensorflow/core/common_runtime/gpu/pool_allocator.cc:247] PoolAllocator: After 35535 get requests, put_count=59650 evicted_count=24000 eviction_rate=0.402347 and unsatisfied allocation rate=0
2017-07-20 11:10:35.225129: I tensorflow/core/common_runtime/gpu/pool_allocator.cc:247] PoolAllocator: After 50286 get requests, put_count=84401 evicted_count=34000 eviction_rate=0.402839 and unsatisfied allocation rate=0
2017-07-20 11:10:35.724199: I tensorflow/core/common_runtime/gpu/pool_allocator.cc:247] PoolAllocator: After 65016 get requests, put_count=109131 evicted_count=44000 eviction_rate=0.403185 and unsatisfied allocation rate=0
2017-07-20 11:10:37.961215: I tensorflow/core/common_runtime/gpu/pool_allocator.cc:247] PoolAllocator: After 3136 get requests, put_count=5263 evicted_count=2000 eviction_rate=0.380011 and unsatisfied allocation rate=0
2017-07-20 11:10:38.461035: I tensorflow/core/common_runtime/gpu/pool_allocator.cc:247] PoolAllocator: After 17866 get requests, put_count=29993 evicted_count=12000 eviction_rate=0.400093 and unsatisfied allocation rate=0
2017-07-20 11:10:38.963192: I tensorflow/core/common_runtime/gpu/pool_allocator.cc:247] PoolAllocator: After 32597 get requests, put_count=54724 evicted_count=22000 eviction_rate=0.402017 and unsatisfied allocation rate=0
2017-07-20 11:10:39.465179: I tensorflow/core/common_runtime/gpu/pool_allocator.cc:247] PoolAllocator: After 47348 get requests, put_count=79475 evicted_count=32000 eviction_rate=0.402642 and unsatisfied allocation rate=0
2017-07-20 11:10:39.968069: I tensorflow/core/common_runtime/gpu/pool_allocator.cc:247] PoolAllocator: After 62078 get requests, put_count=104205 evicted_count=42000 eviction_rate=0.403052 and unsatisfied allocation rate=0
2017-07-20 11:10:42.230306: I tensorflow/core/common_runtime/gpu/pool_allocator.cc:247] PoolAllocator: After 153446 get requests, put_count=153603 evicted_count=52000 eviction_rate=0.338535 and unsatisfied allocation rate=0.338686
2017-07-20 11:10:42.230408: I tensorflow/core/common_runtime/gpu/pool_allocator.cc:259] Raising pool_size_limit_ from 1400 to 1540
2017-07-20 11:10:42.750210: I tensorflow/core/common_runtime/gpu/pool_allocator.cc:247] PoolAllocator: After 14950 get requests, put_count=25090 evicted_count=10000 eviction_rate=0.398565 and unsatisfied allocation rate=0
2017-07-20 11:10:43.262046: I tensorflow/core/common_runtime/gpu/pool_allocator.cc:247] PoolAllocator: After 29680 get requests, put_count=49820 evicted_count=20000 eviction_rate=0.401445 and unsatisfied allocation rate=0
2017-07-20 11:10:43.770892: I tensorflow/core/common_runtime/gpu/pool_allocator.cc:247] PoolAllocator: After 44411 get requests, put_count=74551 evicted_count=30000 eviction_rate=0.402409 and unsatisfied allocation rate=0
2017-07-20 11:10:44.283553: I tensorflow/core/common_runtime/gpu/pool_allocator.cc:247] PoolAllocator: After 59162 get requests, put_count=99302 evicted_count=40000 eviction_rate=0.402812 and unsatisfied allocation rate=0
2017-07-20 11:10:44.806879: I tensorflow/core/common_runtime/gpu/pool_allocator.cc:247] PoolAllocator: After 73807 get requests, put_count=123947 evicted_count=50000 eviction_rate=0.403398 and unsatisfied allocation rate=0
2017-07-20 11:10:47.089638: I tensorflow/core/common_runtime/gpu/pool_allocator.cc:247] PoolAllocator: After 13494 get requests, put_count=22648 evicted_count=9000 eviction_rate=0.397386 and unsatisfied allocation rate=0
2017-07-20 11:10:47.598197: I tensorflow/core/common_runtime/gpu/pool_allocator.cc:247] PoolAllocator: After 28227 get requests, put_count=47381 evicted_count=19000 eviction_rate=0.401005 and unsatisfied allocation rate=0
2017-07-20 11:10:48.106638: I tensorflow/core/common_runtime/gpu/pool_allocator.cc:247] PoolAllocator: After 42975 get requests, put_count=72129 evicted_count=29000 eviction_rate=0.402057 and unsatisfied allocation rate=0
2017-07-20 11:10:48.613653: I tensorflow/core/common_runtime/gpu/pool_allocator.cc:247] PoolAllocator: After 57705 get requests, put_count=96859 evicted_count=39000 eviction_rate=0.402647 and unsatisfied allocation rate=0
2017-07-20 11:10:49.123316: I tensorflow/core/common_runtime/gpu/pool_allocator.cc:247] PoolAllocator: After 72436 get requests, put_count=121590 evicted_count=49000 eviction_rate=0.402994 and unsatisfied allocation rate=0
2017-07-20 11:10:51.403955: I tensorflow/core/common_runtime/gpu/pool_allocator.cc:247] PoolAllocator: After 10579 get requests, put_count=17748 evicted_count=7000 eviction_rate=0.394411 and unsatisfied allocation rate=0
2017-07-20 11:10:51.921384: I tensorflow/core/common_runtime/gpu/pool_allocator.cc:247] PoolAllocator: After 25309 get requests, put_count=42478 evicted_count=17000 eviction_rate=0.400207 and unsatisfied allocation rate=0
2017-07-20 11:10:52.440372: I tensorflow/core/common_runtime/gpu/pool_allocator.cc:247] PoolAllocator: After 40040 get requests, put_count=67209 evicted_count=27000 eviction_rate=0.401732 and unsatisfied allocation rate=0
2017-07-20 11:10:52.960704: I tensorflow/core/common_runtime/gpu/pool_allocator.cc:247] PoolAllocator: After 54791 get requests, put_count=91960 evicted_count=37000 eviction_rate=0.402349 and unsatisfied allocation rate=0
2017-07-20 11:10:53.478755: I tensorflow/core/common_runtime/gpu/pool_allocator.cc:247] PoolAllocator: After 69521 get requests, put_count=116690 evicted_count=47000 eviction_rate=0.402777 and unsatisfied allocation rate=0
2017-07-20 11:10:55.774036: I tensorflow/core/common_runtime/gpu/pool_allocator.cc:247] PoolAllocator: After 7643 get requests, put_count=12829 evicted_count=5000 eviction_rate=0.389742 and unsatisfied allocation rate=0
2017-07-20 11:10:56.279202: I tensorflow/core/common_runtime/gpu/pool_allocator.cc:247] PoolAllocator: After 22374 get requests, put_count=37560 evicted_count=15000 eviction_rate=0.399361 and unsatisfied allocation rate=0
2017-07-20 11:10:56.786293: I tensorflow/core/common_runtime/gpu/pool_allocator.cc:247] PoolAllocator: After 37125 get requests, put_count=62311 evicted_count=25000 eviction_rate=0.401213 and unsatisfied allocation rate=0
2017-07-20 11:10:57.292279: I tensorflow/core/common_runtime/gpu/pool_allocator.cc:247] PoolAllocator: After 51855 get requests, put_count=87041 evicted_count=35000 eviction_rate=0.402109 and unsatisfied allocation rate=0
2017-07-20 11:10:57.799119: I tensorflow/core/common_runtime/gpu/pool_allocator.cc:247] PoolAllocator: After 66586 get requests, put_count=111772 evicted_count=45000 eviction_rate=0.402605 and unsatisfied allocation rate=0
2017-07-20 11:11:00.096743: I tensorflow/core/common_runtime/gpu/pool_allocator.cc:247] PoolAllocator: After 6191 get requests, put_count=10395 evicted_count=4000 eviction_rate=0.3848 and unsatisfied allocation rate=0
2017-07-20 11:11:00.607520: I tensorflow/core/common_runtime/gpu/pool_allocator.cc:247] PoolAllocator: After 20942 get requests, put_count=35146 evicted_count=14000 eviction_rate=0.398338 and unsatisfied allocation rate=0
2017-07-20 11:11:01.121091: I tensorflow/core/common_runtime/gpu/pool_allocator.cc:247] PoolAllocator: After 35672 get requests, put_count=59876 evicted_count=24000 eviction_rate=0.400828 and unsatisfied allocation rate=0
2017-07-20 11:11:01.633087: I tensorflow/core/common_runtime/gpu/pool_allocator.cc:247] PoolAllocator: After 50403 get requests, put_count=84607 evicted_count=34000 eviction_rate=0.401858 and unsatisfied allocation rate=0
2017-07-20 11:11:02.146091: I tensorflow/core/common_runtime/gpu/pool_allocator.cc:247] PoolAllocator: After 65154 get requests, put_count=109358 evicted_count=44000 eviction_rate=0.402348 and unsatisfied allocation rate=0
2017-07-20 11:11:04.457192: I tensorflow/core/common_runtime/gpu/pool_allocator.cc:247] PoolAllocator: After 4738 get requests, put_count=7963 evicted_count=3000 eviction_rate=0.376742 and unsatisfied allocation rate=0
2017-07-20 11:11:04.971215: I tensorflow/core/common_runtime/gpu/pool_allocator.cc:247] PoolAllocator: After 19489 get requests, put_count=32714 evicted_count=13000 eviction_rate=0.397383 and unsatisfied allocation rate=0
2017-07-20 11:11:05.487236: I tensorflow/core/common_runtime/gpu/pool_allocator.cc:247] PoolAllocator: After 34218 get requests, put_count=57443 evicted_count=23000 eviction_rate=0.400397 and unsatisfied allocation rate=0
2017-07-20 11:11:06.006117: I tensorflow/core/common_runtime/gpu/pool_allocator.cc:247] PoolAllocator: After 48948 get requests, put_count=82173 evicted_count=33000 eviction_rate=0.401592 and unsatisfied allocation rate=0
2017-07-20 11:11:06.523115: I tensorflow/core/common_runtime/gpu/pool_allocator.cc:247] PoolAllocator: After 63700 get requests, put_count=106925 evicted_count=43000 eviction_rate=0.402151 and unsatisfied allocation rate=0
2017-07-20 11:11:08.851592: I tensorflow/core/common_runtime/gpu/pool_allocator.cc:247] PoolAllocator: After 3305 get requests, put_count=5552 evicted_count=2000 eviction_rate=0.360231 and unsatisfied allocation rate=0
2017-07-20 11:11:09.364046: I tensorflow/core/common_runtime/gpu/pool_allocator.cc:247] PoolAllocator: After 18057 get requests, put_count=30304 evicted_count=12000 eviction_rate=0.395987 and unsatisfied allocation rate=0
2017-07-20 11:11:09.871486: I tensorflow/core/common_runtime/gpu/pool_allocator.cc:247] PoolAllocator: After 32786 get requests, put_count=55033 evicted_count=22000 eviction_rate=0.39976 and unsatisfied allocation rate=0
2017-07-20 11:11:10.379850: I tensorflow/core/common_runtime/gpu/pool_allocator.cc:247] PoolAllocator: After 47517 get requests, put_count=79764 evicted_count=32000 eviction_rate=0.401183 and unsatisfied allocation rate=0
2017-07-20 11:11:10.886769: I tensorflow/core/common_runtime/gpu/pool_allocator.cc:247] PoolAllocator: After 62250 get requests, put_count=104497 evicted_count=42000 eviction_rate=0.401925 and unsatisfied allocation rate=0
2017-07-20 11:11:13.212285: I tensorflow/core/common_runtime/gpu/pool_allocator.cc:247] PoolAllocator: After 1876 get requests, put_count=3148 evicted_count=1000 eviction_rate=0.317662 and unsatisfied allocation rate=0
2017-07-20 11:11:13.725458: I tensorflow/core/common_runtime/gpu/pool_allocator.cc:247] PoolAllocator: After 16627 get requests, put_count=27899 evicted_count=11000 eviction_rate=0.394279 and unsatisfied allocation rate=0
2017-07-20 11:11:14.240398: I tensorflow/core/common_runtime/gpu/pool_allocator.cc:247] PoolAllocator: After 31357 get requests, put_count=52629 evicted_count=21000 eviction_rate=0.39902 and unsatisfied allocation rate=0
2017-07-20 11:11:14.766482: I tensorflow/core/common_runtime/gpu/pool_allocator.cc:247] PoolAllocator: After 46088 get requests, put_count=77360 evicted_count=31000 eviction_rate=0.400724 and unsatisfied allocation rate=0
2017-07-20 11:11:15.290032: I tensorflow/core/common_runtime/gpu/pool_allocator.cc:247] PoolAllocator: After 60839 get requests, put_count=102111 evicted_count=41000 eviction_rate=0.401524 and unsatisfied allocation rate=0
2017-07-20 11:11:17.636794: I tensorflow/core/common_runtime/gpu/pool_allocator.cc:247] PoolAllocator: After 1908 get requests, put_count=3207 evicted_count=1000 eviction_rate=0.311818 and unsatisfied allocation rate=0
2017-07-20 11:11:18.140917: I tensorflow/core/common_runtime/gpu/pool_allocator.cc:247] PoolAllocator: After 16659 get requests, put_count=27958 evicted_count=11000 eviction_rate=0.393447 and unsatisfied allocation rate=0
2017-07-20 11:11:18.645272: I tensorflow/core/common_runtime/gpu/pool_allocator.cc:247] PoolAllocator: After 31388 get requests, put_count=52687 evicted_count=21000 eviction_rate=0.39858 and unsatisfied allocation rate=0
2017-07-20 11:11:19.151701: I tensorflow/core/common_runtime/gpu/pool_allocator.cc:247] PoolAllocator: After 46118 get requests, put_count=77417 evicted_count=31000 eviction_rate=0.400429 and unsatisfied allocation rate=0
2017-07-20 11:11:19.665392: I tensorflow/core/common_runtime/gpu/pool_allocator.cc:247] PoolAllocator: After 60870 get requests, put_count=102169 evicted_count=41000 eviction_rate=0.401296 and unsatisfied allocation rate=0
2017-07-20 11:11:22.022796: I tensorflow/core/common_runtime/gpu/pool_allocator.cc:247] PoolAllocator: After 1960 get requests, put_count=3289 evicted_count=1000 eviction_rate=0.304044 and unsatisfied allocation rate=0
2017-07-20 11:11:22.532778: I tensorflow/core/common_runtime/gpu/pool_allocator.cc:247] PoolAllocator: After 16689 get requests, put_count=28018 evicted_count=11000 eviction_rate=0.392605 and unsatisfied allocation rate=0
2017-07-20 11:11:23.044353: I tensorflow/core/common_runtime/gpu/pool_allocator.cc:247] PoolAllocator: After 31419 get requests, put_count=52748 evicted_count=21000 eviction_rate=0.398119 and unsatisfied allocation rate=0
2017-07-20 11:11:23.552592: I tensorflow/core/common_runtime/gpu/pool_allocator.cc:247] PoolAllocator: After 46171 get requests, put_count=77500 evicted_count=31000 eviction_rate=0.4 and unsatisfied allocation rate=0
2017-07-20 11:11:24.057115: I tensorflow/core/common_runtime/gpu/pool_allocator.cc:247] PoolAllocator: After 60900 get requests, put_count=102229 evicted_count=41000 eviction_rate=0.40106 and unsatisfied allocation rate=0
2017-07-20 11:11:26.456161: I tensorflow/core/common_runtime/gpu/pool_allocator.cc:247] PoolAllocator: After 2013 get requests, put_count=3375 evicted_count=1000 eviction_rate=0.296296 and unsatisfied allocation rate=0
2017-07-20 11:11:26.971252: I tensorflow/core/common_runtime/gpu/pool_allocator.cc:247] PoolAllocator: After 16744 get requests, put_count=28106 evicted_count=11000 eviction_rate=0.391376 and unsatisfied allocation rate=0
2017-07-20 11:11:27.490662: I tensorflow/core/common_runtime/gpu/pool_allocator.cc:247] PoolAllocator: After 31495 get requests, put_count=52857 evicted_count=21000 eviction_rate=0.397298 and unsatisfied allocation rate=0
2017-07-20 11:11:28.004292: I tensorflow/core/common_runtime/gpu/pool_allocator.cc:247] PoolAllocator: After 46225 get requests, put_count=77587 evicted_count=31000 eviction_rate=0.399551 and unsatisfied allocation rate=0
2017-07-20 11:11:28.513913: I tensorflow/core/common_runtime/gpu/pool_allocator.cc:247] PoolAllocator: After 60956 get requests, put_count=102318 evicted_count=41000 eviction_rate=0.400712 and unsatisfied allocation rate=0
2017-07-20 11:11:30.941813: I tensorflow/core/common_runtime/gpu/pool_allocator.cc:247] PoolAllocator: After 3529 get requests, put_count=5927 evicted_count=2000 eviction_rate=0.337439 and unsatisfied allocation rate=0
2017-07-20 11:11:31.454671: I tensorflow/core/common_runtime/gpu/pool_allocator.cc:247] PoolAllocator: After 18260 get requests, put_count=30658 evicted_count=12000 eviction_rate=0.391415 and unsatisfied allocation rate=0
2017-07-20 11:11:31.960316: I tensorflow/core/common_runtime/gpu/pool_allocator.cc:247] PoolAllocator: After 33011 get requests, put_count=55409 evicted_count=22000 eviction_rate=0.397047 and unsatisfied allocation rate=0
2017-07-20 11:11:32.477540: I tensorflow/core/common_runtime/gpu/pool_allocator.cc:247] PoolAllocator: After 47741 get requests, put_count=80139 evicted_count=32000 eviction_rate=0.399306 and unsatisfied allocation rate=0
2017-07-20 11:11:32.979172: I tensorflow/core/common_runtime/gpu/pool_allocator.cc:247] PoolAllocator: After 62472 get requests, put_count=104870 evicted_count=42000 eviction_rate=0.400496 and unsatisfied allocation rate=0
2017-07-20 11:11:35.410821: I tensorflow/core/common_runtime/gpu/pool_allocator.cc:247] PoolAllocator: After 5068 get requests, put_count=8506 evicted_count=3000 eviction_rate=0.352692 and unsatisfied allocation rate=0
2017-07-20 11:11:35.919622: I tensorflow/core/common_runtime/gpu/pool_allocator.cc:247] PoolAllocator: After 19819 get requests, put_count=33257 evicted_count=13000 eviction_rate=0.390895 and unsatisfied allocation rate=0
2017-07-20 11:11:36.440629: I tensorflow/core/common_runtime/gpu/pool_allocator.cc:247] PoolAllocator: After 34549 get requests, put_count=57987 evicted_count=23000 eviction_rate=0.396641 and unsatisfied allocation rate=0
2017-07-20 11:11:36.956516: I tensorflow/core/common_runtime/gpu/pool_allocator.cc:247] PoolAllocator: After 49280 get requests, put_count=82718 evicted_count=33000 eviction_rate=0.398946 and unsatisfied allocation rate=0
2017-07-20 11:11:37.470089: I tensorflow/core/common_runtime/gpu/pool_allocator.cc:247] PoolAllocator: After 64031 get requests, put_count=107469 evicted_count=43000 eviction_rate=0.400115 and unsatisfied allocation rate=0
2017-07-20 11:11:39.954737: I tensorflow/core/common_runtime/gpu/pool_allocator.cc:247] PoolAllocator: After 6607 get requests, put_count=11089 evicted_count=4000 eviction_rate=0.360718 and unsatisfied allocation rate=0
2017-07-20 11:11:40.464919: I tensorflow/core/common_runtime/gpu/pool_allocator.cc:247] PoolAllocator: After 21337 get requests, put_count=35819 evicted_count=14000 eviction_rate=0.390854 and unsatisfied allocation rate=0
2017-07-20 11:11:40.974571: I tensorflow/core/common_runtime/gpu/pool_allocator.cc:247] PoolAllocator: After 36089 get requests, put_count=60571 evicted_count=24000 eviction_rate=0.396229 and unsatisfied allocation rate=0
2017-07-20 11:11:41.479011: I tensorflow/core/common_runtime/gpu/pool_allocator.cc:247] PoolAllocator: After 50818 get requests, put_count=85300 evicted_count=34000 eviction_rate=0.398593 and unsatisfied allocation rate=0
2017-07-20 11:11:41.986675: I tensorflow/core/common_runtime/gpu/pool_allocator.cc:247] PoolAllocator: After 65549 get requests, put_count=110031 evicted_count=44000 eviction_rate=0.399887 and unsatisfied allocation rate=0
2017-07-20 11:11:44.503062: I tensorflow/core/common_runtime/gpu/pool_allocator.cc:247] PoolAllocator: After 9609 get requests, put_count=16139 evicted_count=6000 eviction_rate=0.37177 and unsatisfied allocation rate=0
2017-07-20 11:11:45.022150: I tensorflow/core/common_runtime/gpu/pool_allocator.cc:247] PoolAllocator: After 24360 get requests, put_count=40890 evicted_count=16000 eviction_rate=0.391294 and unsatisfied allocation rate=0
2017-07-20 11:11:45.539895: I tensorflow/core/common_runtime/gpu/pool_allocator.cc:247] PoolAllocator: After 39090 get requests, put_count=65620 evicted_count=26000 eviction_rate=0.396221 and unsatisfied allocation rate=0
2017-07-20 11:11:46.057708: I tensorflow/core/common_runtime/gpu/pool_allocator.cc:247] PoolAllocator: After 53821 get requests, put_count=90351 evicted_count=36000 eviction_rate=0.398446 and unsatisfied allocation rate=0
2017-07-20 11:11:46.571206: I tensorflow/core/common_runtime/gpu/pool_allocator.cc:247] PoolAllocator: After 68373 get requests, put_count=114903 evicted_count=46000 eviction_rate=0.400338 and unsatisfied allocation rate=0
2017-07-20 11:11:49.123740: I tensorflow/core/common_runtime/gpu/pool_allocator.cc:247] PoolAllocator: After 14136 get requests, put_count=23719 evicted_count=9000 eviction_rate=0.379443 and unsatisfied allocation rate=0
2017-07-20 11:11:49.642066: I tensorflow/core/common_runtime/gpu/pool_allocator.cc:247] PoolAllocator: After 28865 get requests, put_count=48448 evicted_count=19000 eviction_rate=0.392173 and unsatisfied allocation rate=0
2017-07-20 11:11:50.160973: I tensorflow/core/common_runtime/gpu/pool_allocator.cc:247] PoolAllocator: After 43596 get requests, put_count=73179 evicted_count=29000 eviction_rate=0.396289 and unsatisfied allocation rate=0
2017-07-20 11:11:50.681675: I tensorflow/core/common_runtime/gpu/pool_allocator.cc:247] PoolAllocator: After 58329 get requests, put_count=97912 evicted_count=39000 eviction_rate=0.398317 and unsatisfied allocation rate=0
2017-07-20 11:11:53.254284: I tensorflow/core/common_runtime/gpu/pool_allocator.cc:247] PoolAllocator: After 3892 get requests, put_count=6533 evicted_count=2000 eviction_rate=0.306138 and unsatisfied allocation rate=0
2017-07-20 11:11:53.764370: I tensorflow/core/common_runtime/gpu/pool_allocator.cc:247] PoolAllocator: After 18623 get requests, put_count=31264 evicted_count=12000 eviction_rate=0.383828 and unsatisfied allocation rate=0
2017-07-20 11:11:54.275143: I tensorflow/core/common_runtime/gpu/pool_allocator.cc:247] PoolAllocator: After 33374 get requests, put_count=56015 evicted_count=22000 eviction_rate=0.392752 and unsatisfied allocation rate=0
2017-07-20 11:11:54.783350: I tensorflow/core/common_runtime/gpu/pool_allocator.cc:247] PoolAllocator: After 48104 get requests, put_count=80745 evicted_count=32000 eviction_rate=0.396309 and unsatisfied allocation rate=0
2017-07-20 11:11:55.288027: I tensorflow/core/common_runtime/gpu/pool_allocator.cc:247] PoolAllocator: After 62835 get requests, put_count=105476 evicted_count=42000 eviction_rate=0.398195 and unsatisfied allocation rate=0
2017-07-20 11:11:57.892290: I tensorflow/core/common_runtime/gpu/pool_allocator.cc:247] PoolAllocator: After 8402 get requests, put_count=14107 evicted_count=5000 eviction_rate=0.354434 and unsatisfied allocation rate=0
2017-07-20 11:11:58.399485: I tensorflow/core/common_runtime/gpu/pool_allocator.cc:247] PoolAllocator: After 23133 get requests, put_count=38838 evicted_count=15000 eviction_rate=0.38622 and unsatisfied allocation rate=0
2017-07-20 11:11:58.907503: I tensorflow/core/common_runtime/gpu/pool_allocator.cc:247] PoolAllocator: After 37884 get requests, put_count=63589 evicted_count=25000 eviction_rate=0.39315 and unsatisfied allocation rate=0
2017-07-20 11:11:59.418782: I tensorflow/core/common_runtime/gpu/pool_allocator.cc:247] PoolAllocator: After 52614 get requests, put_count=88319 evicted_count=35000 eviction_rate=0.396291 and unsatisfied allocation rate=0
2017-07-20 11:12:02.026091: I tensorflow/core/common_runtime/gpu/pool_allocator.cc:247] PoolAllocator: After 153360 get requests, put_count=153455 evicted_count=45000 eviction_rate=0.293246 and unsatisfied allocation rate=0.297405
2017-07-20 11:12:02.026203: I tensorflow/core/common_runtime/gpu/pool_allocator.cc:259] Raising pool_size_limit_ from 7764 to 8540
2017-07-20 11:12:02.595249: I tensorflow/core/common_runtime/gpu/pool_allocator.cc:247] PoolAllocator: After 15877 get requests, put_count=26653 evicted_count=10000 eviction_rate=0.375192 and unsatisfied allocation rate=0
2017-07-20 11:12:03.111264: I tensorflow/core/common_runtime/gpu/pool_allocator.cc:247] PoolAllocator: After 30607 get requests, put_count=51383 evicted_count=20000 eviction_rate=0.389234 and unsatisfied allocation rate=0
2017-07-20 11:12:03.628505: I tensorflow/core/common_runtime/gpu/pool_allocator.cc:247] PoolAllocator: After 45359 get requests, put_count=76135 evicted_count=30000 eviction_rate=0.394037 and unsatisfied allocation rate=0
2017-07-20 11:12:04.139259: I tensorflow/core/common_runtime/gpu/pool_allocator.cc:247] PoolAllocator: After 60088 get requests, put_count=100864 evicted_count=40000 eviction_rate=0.396574 and unsatisfied allocation rate=0
2017-07-20 11:12:06.846430: I tensorflow/core/common_runtime/gpu/pool_allocator.cc:247] PoolAllocator: After 8625 get requests, put_count=14479 evicted_count=5000 eviction_rate=0.345328 and unsatisfied allocation rate=0
2017-07-20 11:12:07.368488: I tensorflow/core/common_runtime/gpu/pool_allocator.cc:247] PoolAllocator: After 23377 get requests, put_count=39231 evicted_count=15000 eviction_rate=0.382351 and unsatisfied allocation rate=0
2017-07-20 11:12:07.891169: I tensorflow/core/common_runtime/gpu/pool_allocator.cc:247] PoolAllocator: After 38106 get requests, put_count=63960 evicted_count=25000 eviction_rate=0.390869 and unsatisfied allocation rate=0
2017-07-20 11:12:08.416283: I tensorflow/core/common_runtime/gpu/pool_allocator.cc:247] PoolAllocator: After 52837 get requests, put_count=88691 evicted_count=35000 eviction_rate=0.394629 and unsatisfied allocation rate=0
2017-07-20 11:12:11.166095: I tensorflow/core/common_runtime/gpu/pool_allocator.cc:247] PoolAllocator: After 2857 get requests, put_count=4796 evicted_count=1000 eviction_rate=0.208507 and unsatisfied allocation rate=0
2017-07-20 11:12:11.683317: I tensorflow/core/common_runtime/gpu/pool_allocator.cc:247] PoolAllocator: After 17588 get requests, put_count=29527 evicted_count=11000 eviction_rate=0.37254 and unsatisfied allocation rate=0
2017-07-20 11:12:12.202567: I tensorflow/core/common_runtime/gpu/pool_allocator.cc:247] PoolAllocator: After 32339 get requests, put_count=54278 evicted_count=21000 eviction_rate=0.386897 and unsatisfied allocation rate=0
2017-07-20 11:12:12.717606: I tensorflow/core/common_runtime/gpu/pool_allocator.cc:247] PoolAllocator: After 47068 get requests, put_count=79007 evicted_count=31000 eviction_rate=0.39237 and unsatisfied allocation rate=0
2017-07-20 11:12:13.233875: I tensorflow/core/common_runtime/gpu/pool_allocator.cc:247] PoolAllocator: After 61798 get requests, put_count=103737 evicted_count=41000 eviction_rate=0.39523 and unsatisfied allocation rate=0
2017-07-20 11:12:16.028507: I tensorflow/core/common_runtime/gpu/pool_allocator.cc:247] PoolAllocator: After 13303 get requests, put_count=22336 evicted_count=8000 eviction_rate=0.358166 and unsatisfied allocation rate=0
2017-07-20 11:12:16.541931: I tensorflow/core/common_runtime/gpu/pool_allocator.cc:247] PoolAllocator: After 28054 get requests, put_count=47087 evicted_count=18000 eviction_rate=0.382271 and unsatisfied allocation rate=0
2017-07-20 11:12:17.056602: I tensorflow/core/common_runtime/gpu/pool_allocator.cc:247] PoolAllocator: After 42784 get requests, put_count=71817 evicted_count=28000 eviction_rate=0.38988 and unsatisfied allocation rate=0
2017-07-20 11:12:17.573087: I tensorflow/core/common_runtime/gpu/pool_allocator.cc:247] PoolAllocator: After 57515 get requests, put_count=96548 evicted_count=38000 eviction_rate=0.393587 and unsatisfied allocation rate=0
2017-07-20 11:12:20.416674: I tensorflow/core/common_runtime/gpu/pool_allocator.cc:247] PoolAllocator: After 10505 get requests, put_count=17641 evicted_count=6000 eviction_rate=0.340117 and unsatisfied allocation rate=0
2017-07-20 11:12:20.933844: I tensorflow/core/common_runtime/gpu/pool_allocator.cc:247] PoolAllocator: After 25256 get requests, put_count=42392 evicted_count=16000 eviction_rate=0.37743 and unsatisfied allocation rate=0
2017-07-20 11:12:21.450476: I tensorflow/core/common_runtime/gpu/pool_allocator.cc:247] PoolAllocator: After 39985 get requests, put_count=67121 evicted_count=26000 eviction_rate=0.38736 and unsatisfied allocation rate=0
2017-07-20 11:12:21.969339: I tensorflow/core/common_runtime/gpu/pool_allocator.cc:247] PoolAllocator: After 54715 get requests, put_count=91851 evicted_count=36000 eviction_rate=0.391939 and unsatisfied allocation rate=0
2017-07-20 11:12:24.894118: I tensorflow/core/common_runtime/gpu/pool_allocator.cc:247] PoolAllocator: After 9212 get requests, put_count=15462 evicted_count=5000 eviction_rate=0.323373 and unsatisfied allocation rate=0
2017-07-20 11:12:25.404298: I tensorflow/core/common_runtime/gpu/pool_allocator.cc:247] PoolAllocator: After 23943 get requests, put_count=40193 evicted_count=15000 eviction_rate=0.373199 and unsatisfied allocation rate=0
2017-07-20 11:12:25.913349: I tensorflow/core/common_runtime/gpu/pool_allocator.cc:247] PoolAllocator: After 38694 get requests, put_count=64944 evicted_count=25000 eviction_rate=0.384947 and unsatisfied allocation rate=0
2017-07-20 11:12:26.422333: I tensorflow/core/common_runtime/gpu/pool_allocator.cc:247] PoolAllocator: After 53423 get requests, put_count=89673 evicted_count=35000 eviction_rate=0.390307 and unsatisfied allocation rate=0
2017-07-20 11:12:29.431741: I tensorflow/core/common_runtime/gpu/pool_allocator.cc:247] PoolAllocator: After 9402 get requests, put_count=15777 evicted_count=5000 eviction_rate=0.316917 and unsatisfied allocation rate=0
2017-07-20 11:12:29.957055: I tensorflow/core/common_runtime/gpu/pool_allocator.cc:247] PoolAllocator: After 24133 get requests, put_count=40508 evicted_count=15000 eviction_rate=0.370297 and unsatisfied allocation rate=0
2017-07-20 11:12:30.483813: I tensorflow/core/common_runtime/gpu/pool_allocator.cc:247] PoolAllocator: After 38884 get requests, put_count=65259 evicted_count=25000 eviction_rate=0.383089 and unsatisfied allocation rate=0
2017-07-20 11:12:31.011360: I tensorflow/core/common_runtime/gpu/pool_allocator.cc:247] PoolAllocator: After 53614 get requests, put_count=89989 evicted_count=35000 eviction_rate=0.388936 and unsatisfied allocation rate=0
2017-07-20 11:12:34.075292: I tensorflow/core/common_runtime/gpu/pool_allocator.cc:247] PoolAllocator: After 12544 get requests, put_count=21056 evicted_count=7000 eviction_rate=0.332447 and unsatisfied allocation rate=0
2017-07-20 11:12:34.587436: I tensorflow/core/common_runtime/gpu/pool_allocator.cc:247] PoolAllocator: After 27274 get requests, put_count=45786 evicted_count=17000 eviction_rate=0.371293 and unsatisfied allocation rate=0
2017-07-20 11:12:35.096499: I tensorflow/core/common_runtime/gpu/pool_allocator.cc:247] PoolAllocator: After 42005 get requests, put_count=70517 evicted_count=27000 eviction_rate=0.382886 and unsatisfied allocation rate=0
2017-07-20 11:12:38.197140: I tensorflow/core/common_runtime/gpu/pool_allocator.cc:247] PoolAllocator: After 155826 get requests, put_count=157599 evicted_count=37000 eviction_rate=0.234773 and unsatisfied allocation rate=0.235769
2017-07-20 11:12:38.197258: I tensorflow/core/common_runtime/gpu/pool_allocator.cc:259] Raising pool_size_limit_ from 16639 to 18302
2017-07-20 11:12:38.798588: I tensorflow/core/common_runtime/gpu/pool_allocator.cc:247] PoolAllocator: After 17190 get requests, put_count=28853 evicted_count=10000 eviction_rate=0.346584 and unsatisfied allocation rate=0
2017-07-20 11:12:39.314025: I tensorflow/core/common_runtime/gpu/pool_allocator.cc:247] PoolAllocator: After 31920 get requests, put_count=53583 evicted_count=20000 eviction_rate=0.373253 and unsatisfied allocation rate=0
2017-07-20 11:12:39.836821: I tensorflow/core/common_runtime/gpu/pool_allocator.cc:247] PoolAllocator: After 46651 get requests, put_count=78314 evicted_count=30000 eviction_rate=0.383073 and unsatisfied allocation rate=0
2017-07-20 11:12:43.090860: I tensorflow/core/common_runtime/gpu/pool_allocator.cc:247] PoolAllocator: After 10074 get requests, put_count=16904 evicted_count=5000 eviction_rate=0.295788 and unsatisfied allocation rate=0
2017-07-20 11:12:43.600907: I tensorflow/core/common_runtime/gpu/pool_allocator.cc:247] PoolAllocator: After 24805 get requests, put_count=41635 evicted_count=15000 eviction_rate=0.360274 and unsatisfied allocation rate=0
2017-07-20 11:12:44.109563: I tensorflow/core/common_runtime/gpu/pool_allocator.cc:247] PoolAllocator: After 39556 get requests, put_count=66386 evicted_count=25000 eviction_rate=0.376585 and unsatisfied allocation rate=0
2017-07-20 11:12:47.445912: I tensorflow/core/common_runtime/gpu/pool_allocator.cc:247] PoolAllocator: After 5910 get requests, put_count=9923 evicted_count=2000 eviction_rate=0.201552 and unsatisfied allocation rate=0
2017-07-20 11:12:47.960105: I tensorflow/core/common_runtime/gpu/pool_allocator.cc:247] PoolAllocator: After 20641 get requests, put_count=34654 evicted_count=12000 eviction_rate=0.34628 and unsatisfied allocation rate=0
2017-07-20 11:12:48.479687: I tensorflow/core/common_runtime/gpu/pool_allocator.cc:247] PoolAllocator: After 35392 get requests, put_count=59405 evicted_count=22000 eviction_rate=0.370339 and unsatisfied allocation rate=0
2017-07-20 11:12:51.978488: I tensorflow/core/common_runtime/gpu/pool_allocator.cc:247] PoolAllocator: After 4735 get requests, put_count=7949 evicted_count=1000 eviction_rate=0.125802 and unsatisfied allocation rate=0
2017-07-20 11:12:52.502193: I tensorflow/core/common_runtime/gpu/pool_allocator.cc:247] PoolAllocator: After 19483 get requests, put_count=32697 evicted_count=11000 eviction_rate=0.336422 and unsatisfied allocation rate=0
2017-07-20 11:12:53.026389: I tensorflow/core/common_runtime/gpu/pool_allocator.cc:247] PoolAllocator: After 34213 get requests, put_count=57427 evicted_count=21000 eviction_rate=0.365682 and unsatisfied allocation rate=0
2017-07-20 11:12:56.608161: I tensorflow/core/common_runtime/gpu/pool_allocator.cc:247] PoolAllocator: After 6526 get requests, put_count=10961 evicted_count=2000 eviction_rate=0.182465 and unsatisfied allocation rate=0
2017-07-20 11:12:57.132556: I tensorflow/core/common_runtime/gpu/pool_allocator.cc:247] PoolAllocator: After 21257 get requests, put_count=35692 evicted_count=12000 eviction_rate=0.33621 and unsatisfied allocation rate=0
2017-07-20 11:12:57.657055: I tensorflow/core/common_runtime/gpu/pool_allocator.cc:247] PoolAllocator: After 36008 get requests, put_count=60443 evicted_count=22000 eviction_rate=0.363979 and unsatisfied allocation rate=0
2017-07-20 11:13:01.372650: I tensorflow/core/common_runtime/gpu/pool_allocator.cc:247] PoolAllocator: After 11332 get requests, put_count=19011 evicted_count=5000 eviction_rate=0.263006 and unsatisfied allocation rate=0
2017-07-20 11:13:01.896020: I tensorflow/core/common_runtime/gpu/pool_allocator.cc:247] PoolAllocator: After 26062 get requests, put_count=43741 evicted_count=15000 eviction_rate=0.342928 and unsatisfied allocation rate=0
2017-07-20 11:13:05.808954: I tensorflow/core/common_runtime/gpu/pool_allocator.cc:247] PoolAllocator: After 5821 get requests, put_count=9768 evicted_count=1000 eviction_rate=0.102375 and unsatisfied allocation rate=0
2017-07-20 11:13:06.334962: I tensorflow/core/common_runtime/gpu/pool_allocator.cc:247] PoolAllocator: After 20552 get requests, put_count=34499 evicted_count=11000 eviction_rate=0.31885 and unsatisfied allocation rate=0
2017-07-20 11:13:10.222222: I tensorflow/core/common_runtime/gpu/pool_allocator.cc:247] PoolAllocator: After 157616 get requests, put_count=160601 evicted_count=21000 eviction_rate=0.130759 and unsatisfied allocation rate=0.132994
2017-07-20 11:13:10.222338: I tensorflow/core/common_runtime/gpu/pool_allocator.cc:259] Raising pool_size_limit_ from 32420 to 35662
2017-07-20 11:13:10.897665: I tensorflow/core/common_runtime/gpu/pool_allocator.cc:247] PoolAllocator: After 19516 get requests, put_count=32758 evicted_count=10000 eviction_rate=0.305269 and unsatisfied allocation rate=0
2017-07-20 11:13:15.101980: I tensorflow/core/common_runtime/gpu/pool_allocator.cc:247] PoolAllocator: After 9686 get requests, put_count=16252 evicted_count=3000 eviction_rate=0.184593 and unsatisfied allocation rate=0
2017-07-20 11:13:15.623798: I tensorflow/core/common_runtime/gpu/pool_allocator.cc:247] PoolAllocator: After 24416 get requests, put_count=40982 evicted_count=13000 eviction_rate=0.317212 and unsatisfied allocation rate=0
2017-07-20 11:13:20.070400: I tensorflow/core/common_runtime/gpu/pool_allocator.cc:247] PoolAllocator: After 17579 get requests, put_count=29501 evicted_count=8000 eviction_rate=0.271177 and unsatisfied allocation rate=0
Traceback (most recent call last):
  File "crnn/crnn_with_pitch.py", line 143, in <module>
    save_path = saver.save(s, save_name)
  File "/software/anaconda/4.4.0/lib/python2.7/site-packages/tensorflow/python/training/saver.py", line 1494, in save
    self.export_meta_graph(meta_graph_filename)
  File "/software/anaconda/4.4.0/lib/python2.7/site-packages/tensorflow/python/training/saver.py", line 1522, in export_meta_graph
    graph_def=ops.get_default_graph().as_graph_def(add_shapes=True),
  File "/software/anaconda/4.4.0/lib/python2.7/site-packages/tensorflow/python/framework/ops.py", line 2361, in as_graph_def
    result, _ = self._as_graph_def(from_version, add_shapes)
  File "/software/anaconda/4.4.0/lib/python2.7/site-packages/tensorflow/python/framework/ops.py", line 2324, in _as_graph_def
    raise ValueError("GraphDef cannot be larger than 2GB.")
ValueError: GraphDef cannot be larger than 2GB.
